<?xml version="1.0" encoding="UTF-8"?>
<testsuites name="TestSuite" time="8.22" tests="1" failures="0" errors="0">
   <testsuite name="TestSuite" tests="1" failures="0" errors="0" time="8.22" skipped="0" timestamp="2023-06-24 19:35:53" hostname="mbana - host.docker.internal" id="Test Suites/TestSuite">
      <properties>
         <property name="deviceName" value=""/>
         <property name="devicePlatform" value=""/>
         <property name="logFolder" value="C:\\Users\\mbana\\git\\Katalon\\Reports\\20230624_193546\\TestSuite\\20230624_193547"/>
         <property name="logFiles" value="C:\\Users\\mbana\\git\\Katalon\\Reports\\20230624_193546\\TestSuite\\20230624_193547\\execution0.log"/>
         <property name="attachments" value=""/>
         <property name="hostName" value="mbana - host.docker.internal"/>
         <property name="os" value="Windows 10 64bit"/>
         <property name="katalonVersion" value="8.6.5.208"/>
         <property name="browser" value="Chrome 114.0.0.0"/>
         <property name="hostAddress" value="192.168.0.94"/>
         <property name="sessionId" value="3a90642ae875fa766a41692716c902ca"/>
         <property name="seleniumVersion" value="3.141.59"/>
         <property name="proxyInformation" value="ProxyInformation { proxyOption=NO_PROXY, proxyServerType=HTTP, username=, password=********, proxyServerAddress=, proxyServerPort=0, executionList=&quot;&quot;, isApplyToDesiredCapabilities=true }"/>
         <property name="platform" value="Windows 10"/>
      </properties>
      <testcase name="Test Cases/Login" time="7.971" classname="Test Cases/Login" status="PASSED">
         <system-out><![CDATA[2023-06-24 19:35:53 - [TEST_CASE][PASSED] - Test Cases/Login: Test Cases/Login

2023-06-24 19:35:53 - [TEST_STEP][PASSED] - com.LoginTestKey.LoginTestK(): com.LoginTestKey.LoginTestK is PASSED

2023-06-24 19:35:54 - [MESSAGE][INFO] - Starting 'Chrome' driver

2023-06-24 19:35:54 - [MESSAGE][INFO] - Action delay is set to 0 milliseconds

2023-06-24 19:35:55 - [MESSAGE][PASSED] - Browser is opened with url: ''

2023-06-24 19:35:57 - [MESSAGE][PASSED] - Navigate to 'https://katalon-demo-cura.herokuapp.com/' successfully

2023-06-24 19:35:58 - [MESSAGE][PASSED] - Object: 'Object Repository/KatalonDemo/InkMakeAppointment' is clicked on

2023-06-24 19:35:59 - [MESSAGE][PASSED] - Text '********' is set on object 'Object Repository/KatalonDemo/inputUsername'

2023-06-24 19:36:00 - [MESSAGE][PASSED] - Text 'ThisIsNotAPassword' is set on object 'Object Repository/KatalonDemo/inputPassword'

2023-06-24 19:36:00 - [MESSAGE][PASSED] - Object: 'Object Repository/KatalonDemo/button_Login' is clicked on

2023-06-24 19:36:00 - [MESSAGE][PASSED] - com.LoginTestKey.LoginTestK is PASSED

2023-06-24 19:36:00 - [TEST_STEP][PASSED] - closeBrowser(): Browser is closed

2023-06-24 19:36:01 - [MESSAGE][PASSED] - Browser is closed]]></system-out>
         <system-err><![CDATA[]]></system-err>
      </testcase>
      <system-out><![CDATA[2023-06-24 19:35:53 - [TEST_SUITE][PASSED] - TestSuite: Test Cases/Login]]></system-out>
      <system-err><![CDATA[]]></system-err>
   </testsuite>
</testsuites>
