<?xml version="1.0" encoding="UTF-8"?>
<testsuites name="TestAllCollection" time="43.184" tests="6" failures="0" errors="0">
   <testsuite name="TestSuite" tests="1" failures="0" errors="0" time="8.888" skipped="0" timestamp="2023-06-24 19:56:09" hostname="mbana - host.docker.internal" id="Test Suites/TestSuite">
      <properties>
         <property name="deviceName" value=""/>
         <property name="devicePlatform" value=""/>
         <property name="logFolder" value="C:\\Users\\mbana\\git\\Katalon\\Reports\\20230624_195558\\TestSuite\\20230624_195601"/>
         <property name="logFiles" value="C:\\Users\\mbana\\git\\Katalon\\Reports\\20230624_195558\\TestSuite\\20230624_195601\\execution0.log"/>
         <property name="attachments" value=""/>
         <property name="hostName" value="mbana - host.docker.internal"/>
         <property name="os" value="Windows 10 64bit"/>
         <property name="katalonVersion" value="8.6.5.208"/>
         <property name="browser" value="Chrome 114.0.0.0"/>
         <property name="hostAddress" value="192.168.0.94"/>
         <property name="sessionId" value="433d4b735cf2b190c610fafe7596c8be"/>
         <property name="seleniumVersion" value="3.141.59"/>
         <property name="proxyInformation" value="ProxyInformation { proxyOption=NO_PROXY, proxyServerType=HTTP, username=, password=********, proxyServerAddress=, proxyServerPort=0, executionList=&quot;&quot;, isApplyToDesiredCapabilities=true }"/>
         <property name="platform" value="Windows 10"/>
      </properties>
      <testcase name="Test Cases/Login" time="8.647" classname="Test Cases/Login" status="PASSED">
         <system-out><![CDATA[2023-06-24 19:56:09 - [TEST_CASE][PASSED] - Test Cases/Login: Test Cases/Login

2023-06-24 19:56:09 - [TEST_STEP][PASSED] - com.LoginTestKey.LoginTestK(): com.LoginTestKey.LoginTestK is PASSED

2023-06-24 19:56:10 - [MESSAGE][INFO] - Starting 'Chrome' driver

2023-06-24 19:56:10 - [MESSAGE][INFO] - Action delay is set to 0 milliseconds

2023-06-24 19:56:13 - [MESSAGE][PASSED] - Browser is opened with url: ''

2023-06-24 19:56:14 - [MESSAGE][PASSED] - Navigate to 'https://katalon-demo-cura.herokuapp.com/' successfully

2023-06-24 19:56:15 - [MESSAGE][PASSED] - Object: 'Object Repository/KatalonDemo/InkMakeAppointment' is clicked on

2023-06-24 19:56:15 - [MESSAGE][PASSED] - Text '********' is set on object 'Object Repository/KatalonDemo/inputUsername'

2023-06-24 19:56:16 - [MESSAGE][PASSED] - Text 'ThisIsNotAPassword' is set on object 'Object Repository/KatalonDemo/inputPassword'

2023-06-24 19:56:17 - [MESSAGE][PASSED] - Object: 'Object Repository/KatalonDemo/button_Login' is clicked on

2023-06-24 19:56:17 - [MESSAGE][PASSED] - com.LoginTestKey.LoginTestK is PASSED

2023-06-24 19:56:17 - [TEST_STEP][PASSED] - closeBrowser(): Browser is closed

2023-06-24 19:56:18 - [MESSAGE][PASSED] - Browser is closed]]></system-out>
         <system-err><![CDATA[]]></system-err>
      </testcase>
      <system-out><![CDATA[2023-06-24 19:56:09 - [TEST_SUITE][PASSED] - TestSuite: Test Cases/Login]]></system-out>
      <system-err><![CDATA[]]></system-err>
   </testsuite>
   <testsuite name="TestAll" tests="5" failures="0" errors="0" time="29.217" skipped="0" timestamp="2023-06-24 19:56:20" hostname="mbana - host.docker.internal" id="Test Suites/TestAll">
      <properties>
         <property name="deviceName" value=""/>
         <property name="devicePlatform" value=""/>
         <property name="logFolder" value="C:\\Users\\mbana\\git\\Katalon\\Reports\\20230624_195558\\TestAll\\20230624_195605"/>
         <property name="logFiles" value="C:\\Users\\mbana\\git\\Katalon\\Reports\\20230624_195558\\TestAll\\20230624_195605\\execution0.log"/>
         <property name="attachments" value=""/>
         <property name="hostName" value="mbana - host.docker.internal"/>
         <property name="os" value="Windows 10 64bit"/>
         <property name="katalonVersion" value="8.6.5.208"/>
         <property name="browser" value="Chrome 114.0.0.0"/>
         <property name="hostAddress" value="192.168.0.94"/>
         <property name="sessionId" value="72c275f3420821e4acc1781224fd3d18"/>
         <property name="seleniumVersion" value="3.141.59"/>
         <property name="proxyInformation" value="ProxyInformation { proxyOption=NO_PROXY, proxyServerType=HTTP, username=, password=********, proxyServerAddress=, proxyServerPort=0, executionList=&quot;&quot;, isApplyToDesiredCapabilities=true }"/>
         <property name="platform" value="Windows 10"/>
      </properties>
      <testcase name="Test Cases/Keywords" time="11.788" classname="Test Cases/Keywords" status="PASSED">
         <system-out><![CDATA[2023-06-24 19:56:20 - [TEST_CASE][PASSED] - Test Cases/Keywords: Test Cases/Keywords

2023-06-24 19:56:20 - [TEST_STEP][PASSED] - openBrowser(""): Browser is opened with url: ''

2023-06-24 19:56:21 - [MESSAGE][INFO] - Starting 'Chrome' driver

2023-06-24 19:56:21 - [MESSAGE][INFO] - Action delay is set to 0 milliseconds

2023-06-24 19:56:22 - [MESSAGE][PASSED] - Browser is opened with url: ''

2023-06-24 19:56:22 - [TEST_STEP][PASSED] - navigateToUrl(URL): Navigate to 'https://katalon-demo-cura.herokuapp.com/' successfully

2023-06-24 19:56:24 - [MESSAGE][PASSED] - Navigate to 'https://katalon-demo-cura.herokuapp.com/' successfully

2023-06-24 19:56:24 - [TEST_STEP][PASSED] - click(findTestObject("Object Repository/KatalonDemo/InkMakeAppointment")): Object: 'Object Repository/KatalonDemo/InkMakeAppointment' is clicked on

2023-06-24 19:56:24 - [MESSAGE][PASSED] - Object: 'Object Repository/KatalonDemo/InkMakeAppointment' is clicked on

2023-06-24 19:56:24 - [TEST_STEP][PASSED] - setText(findTestObject("Object Repository/KatalonDemo/inputUsername"), Username): Text 'John Doe' is set on object 'Object Repository/KatalonDemo/inputUsername'

2023-06-24 19:56:25 - [MESSAGE][PASSED] - Text 'John Doe' is set on object 'Object Repository/KatalonDemo/inputUsername'

2023-06-24 19:56:25 - [TEST_STEP][PASSED] - setText(findTestObject("Object Repository/KatalonDemo/inputPassword"), Password): Text 'ThisIsNotAPassword' is set on object 'Object Repository/KatalonDemo/inputPassword'

2023-06-24 19:56:26 - [MESSAGE][PASSED] - Text 'ThisIsNotAPassword' is set on object 'Object Repository/KatalonDemo/inputPassword'

2023-06-24 19:56:26 - [TEST_STEP][PASSED] - click(findTestObject("Object Repository/KatalonDemo/button_Login")): Object: 'Object Repository/KatalonDemo/button_Login' is clicked on

2023-06-24 19:56:26 - [MESSAGE][PASSED] - Object: 'Object Repository/KatalonDemo/button_Login' is clicked on

2023-06-24 19:56:26 - [TEST_STEP][PASSED] - selectOptionByValue(findTestObject("Object Repository/KatalonDemo/SelectFacility"), "Seoul CURA Healthcare Center", true): All options with value 'Seoul CURA Healthcare Center' are selected in object 'Object Repository/KatalonDemo/SelectFacility'  using regular expression

2023-06-24 19:56:27 - [MESSAGE][PASSED] - All options with value 'Seoul CURA Healthcare Center' are selected in object 'Object Repository/KatalonDemo/SelectFacility'  using regular expression

2023-06-24 19:56:27 - [TEST_STEP][PASSED] - check(findTestObject("Object Repository/KatalonDemo/input_Apply for hospital readmission_hospit_63901f")): Object 'Object Repository/KatalonDemo/input_Apply for hospital readmission_hospit_63901f' is checked

2023-06-24 19:56:27 - [MESSAGE][PASSED] - Object 'Object Repository/KatalonDemo/input_Apply for hospital readmission_hospit_63901f' is checked

2023-06-24 19:56:27 - [TEST_STEP][PASSED] - check(findTestObject("Object Repository/KatalonDemo/label_Medicaid")): Object 'Object Repository/KatalonDemo/label_Medicaid' is checked

2023-06-24 19:56:28 - [MESSAGE][PASSED] - Object 'Object Repository/KatalonDemo/label_Medicaid' is checked

2023-06-24 19:56:28 - [TEST_STEP][PASSED] - setText(findTestObject("Object Repository/KatalonDemo/input_Visit Date (Required)_visit_date"), "26.06.2023"): Text '26.06.2023' is set on object 'Object Repository/KatalonDemo/input_Visit Date (Required)_visit_date'

2023-06-24 19:56:28 - [MESSAGE][PASSED] - Text '26.06.2023' is set on object 'Object Repository/KatalonDemo/input_Visit Date (Required)_visit_date'

2023-06-24 19:56:28 - [TEST_STEP][PASSED] - click(findTestObject("Object Repository/KatalonDemo/td_26")): Object: 'Object Repository/KatalonDemo/td_26' is clicked on

2023-06-24 19:56:29 - [MESSAGE][PASSED] - Object: 'Object Repository/KatalonDemo/td_26' is clicked on

2023-06-24 19:56:29 - [TEST_STEP][PASSED] - setText(findTestObject("Object Repository/KatalonDemo/textarea_Comment_comment"), "TestComment"): Text 'TestComment' is set on object 'Object Repository/KatalonDemo/textarea_Comment_comment'

2023-06-24 19:56:30 - [MESSAGE][PASSED] - Text 'TestComment' is set on object 'Object Repository/KatalonDemo/textarea_Comment_comment'

2023-06-24 19:56:30 - [TEST_STEP][PASSED] - click(findTestObject("Object Repository/KatalonDemo/button_Book Appointment")): Object: 'Object Repository/KatalonDemo/button_Book Appointment' is clicked on

2023-06-24 19:56:30 - [MESSAGE][PASSED] - Object: 'Object Repository/KatalonDemo/button_Book Appointment' is clicked on

2023-06-24 19:56:30 - [TEST_STEP][PASSED] - click(findTestObject("Object Repository/KatalonDemo/h2_Appointment Confirmation")): Object: 'Object Repository/KatalonDemo/h2_Appointment Confirmation' is clicked on

2023-06-24 19:56:30 - [MESSAGE][PASSED] - Object: 'Object Repository/KatalonDemo/h2_Appointment Confirmation' is clicked on

2023-06-24 19:56:30 - [TEST_STEP][PASSED] - click(findTestObject("Object Repository/KatalonDemo/a_CURA Healthcare_menu-toggle")): Object: 'Object Repository/KatalonDemo/a_CURA Healthcare_menu-toggle' is clicked on

2023-06-24 19:56:31 - [MESSAGE][PASSED] - Object: 'Object Repository/KatalonDemo/a_CURA Healthcare_menu-toggle' is clicked on

2023-06-24 19:56:31 - [TEST_STEP][PASSED] - click(findTestObject("Object Repository/KatalonDemo/Logout")): Object: 'Object Repository/KatalonDemo/Logout' is clicked on

2023-06-24 19:56:31 - [MESSAGE][PASSED] - Object: 'Object Repository/KatalonDemo/Logout' is clicked on

2023-06-24 19:56:31 - [TEST_STEP][PASSED] - closeBrowser(): Browser is closed

2023-06-24 19:56:32 - [MESSAGE][PASSED] - Browser is closed]]></system-out>
         <system-err><![CDATA[]]></system-err>
      </testcase>
      <testcase name="Test Cases/Lists Tests" time="5.289" classname="Test Cases/Lists Tests" status="PASSED">
         <system-out><![CDATA[2023-06-24 19:56:32 - [TEST_CASE][PASSED] - Test Cases/Lists Tests: Test Cases/Lists Tests

2023-06-24 19:56:32 - [TEST_STEP][PASSED] - openBrowser(""): Browser is opened with url: ''

2023-06-24 19:56:32 - [MESSAGE][INFO] - Starting 'Chrome' driver

2023-06-24 19:56:32 - [MESSAGE][INFO] - Action delay is set to 0 milliseconds

2023-06-24 19:56:33 - [MESSAGE][PASSED] - Browser is opened with url: ''

2023-06-24 19:56:33 - [TEST_STEP][PASSED] - navigateToUrl("https://katalon-demo-cura.herokuapp.com/"): Navigate to 'https://katalon-demo-cura.herokuapp.com/' successfully

2023-06-24 19:56:35 - [MESSAGE][PASSED] - Navigate to 'https://katalon-demo-cura.herokuapp.com/' successfully

2023-06-24 19:56:35 - [TEST_STEP][PASSED] - click(findTestObject("Object Repository/KatalonDemo/InkMakeAppointment")): Object: 'Object Repository/KatalonDemo/InkMakeAppointment' is clicked on

2023-06-24 19:56:35 - [MESSAGE][PASSED] - Object: 'Object Repository/KatalonDemo/InkMakeAppointment' is clicked on

2023-06-24 19:56:35 - [TEST_STEP][PASSED] - setMaskedText(findTestObject("Object Repository/KatalonDemo/inputUsername"), ListCredentials.get(1)): Text '********' is set on object 'Object Repository/KatalonDemo/inputUsername'

2023-06-24 19:56:36 - [MESSAGE][PASSED] - Text '********' is set on object 'Object Repository/KatalonDemo/inputUsername'

2023-06-24 19:56:36 - [TEST_STEP][PASSED] - setText(findTestObject("Object Repository/KatalonDemo/inputPassword"), ListCredentials.get(0)): Text 'ThisIsNotAPassword' is set on object 'Object Repository/KatalonDemo/inputPassword'

2023-06-24 19:56:37 - [MESSAGE][PASSED] - Text 'ThisIsNotAPassword' is set on object 'Object Repository/KatalonDemo/inputPassword'

2023-06-24 19:56:37 - [TEST_STEP][PASSED] - click(findTestObject("Object Repository/KatalonDemo/button_Login")): Object: 'Object Repository/KatalonDemo/button_Login' is clicked on

2023-06-24 19:56:37 - [MESSAGE][PASSED] - Object: 'Object Repository/KatalonDemo/button_Login' is clicked on]]></system-out>
         <system-err><![CDATA[]]></system-err>
      </testcase>
      <testcase name="Test Cases/Login" time="6.4" classname="Test Cases/Login" status="PASSED">
         <system-out><![CDATA[2023-06-24 19:56:37 - [TEST_CASE][PASSED] - Test Cases/Login: Test Cases/Login

2023-06-24 19:56:37 - [TEST_STEP][PASSED] - com.LoginTestKey.LoginTestK(): com.LoginTestKey.LoginTestK is PASSED

2023-06-24 19:56:37 - [MESSAGE][WARNING] - A browser is already opened. Closing browser and opening a new one

2023-06-24 19:56:38 - [MESSAGE][INFO] - Starting 'Chrome' driver

2023-06-24 19:56:38 - [MESSAGE][INFO] - Action delay is set to 0 milliseconds

2023-06-24 19:56:39 - [MESSAGE][PASSED] - Browser is opened with url: ''

2023-06-24 19:56:41 - [MESSAGE][PASSED] - Navigate to 'https://katalon-demo-cura.herokuapp.com/' successfully

2023-06-24 19:56:41 - [MESSAGE][PASSED] - Object: 'Object Repository/KatalonDemo/InkMakeAppointment' is clicked on

2023-06-24 19:56:42 - [MESSAGE][PASSED] - Text '********' is set on object 'Object Repository/KatalonDemo/inputUsername'

2023-06-24 19:56:42 - [MESSAGE][PASSED] - Text 'ThisIsNotAPassword' is set on object 'Object Repository/KatalonDemo/inputPassword'

2023-06-24 19:56:43 - [MESSAGE][PASSED] - Object: 'Object Repository/KatalonDemo/button_Login' is clicked on

2023-06-24 19:56:43 - [MESSAGE][PASSED] - com.LoginTestKey.LoginTestK is PASSED

2023-06-24 19:56:43 - [TEST_STEP][PASSED] - closeBrowser(): Browser is closed

2023-06-24 19:56:44 - [MESSAGE][PASSED] - Browser is closed]]></system-out>
         <system-err><![CDATA[]]></system-err>
      </testcase>
      <testcase name="Test Cases/MapTests" time="5.398" classname="Test Cases/MapTests" status="PASSED">
         <system-out><![CDATA[2023-06-24 19:56:44 - [TEST_CASE][PASSED] - Test Cases/MapTests: Test Cases/MapTests

2023-06-24 19:56:44 - [TEST_STEP][PASSED] - openBrowser(""): Browser is opened with url: ''

2023-06-24 19:56:44 - [MESSAGE][INFO] - Starting 'Chrome' driver

2023-06-24 19:56:44 - [MESSAGE][INFO] - Action delay is set to 0 milliseconds

2023-06-24 19:56:45 - [MESSAGE][PASSED] - Browser is opened with url: ''

2023-06-24 19:56:45 - [TEST_STEP][PASSED] - navigateToUrl("https://katalon-demo-cura.herokuapp.com/"): Navigate to 'https://katalon-demo-cura.herokuapp.com/' successfully

2023-06-24 19:56:46 - [MESSAGE][PASSED] - Navigate to 'https://katalon-demo-cura.herokuapp.com/' successfully

2023-06-24 19:56:46 - [TEST_STEP][PASSED] - click(findTestObject("Object Repository/KatalonDemo/InkMakeAppointment")): Object: 'Object Repository/KatalonDemo/InkMakeAppointment' is clicked on

2023-06-24 19:56:47 - [MESSAGE][PASSED] - Object: 'Object Repository/KatalonDemo/InkMakeAppointment' is clicked on

2023-06-24 19:56:47 - [TEST_STEP][PASSED] - setMaskedText(findTestObject("Object Repository/KatalonDemo/inputUsername"), MapCredentials.get("Username")): Text '********' is set on object 'Object Repository/KatalonDemo/inputUsername'

2023-06-24 19:56:48 - [MESSAGE][PASSED] - Text '********' is set on object 'Object Repository/KatalonDemo/inputUsername'

2023-06-24 19:56:48 - [TEST_STEP][PASSED] - setText(findTestObject("Object Repository/KatalonDemo/inputPassword"), MapCredentials.get("Password")): Text 'ThisIsNotAPassword' is set on object 'Object Repository/KatalonDemo/inputPassword'

2023-06-24 19:56:48 - [MESSAGE][PASSED] - Text 'ThisIsNotAPassword' is set on object 'Object Repository/KatalonDemo/inputPassword'

2023-06-24 19:56:48 - [TEST_STEP][PASSED] - click(findTestObject("Object Repository/KatalonDemo/button_Login")): Object: 'Object Repository/KatalonDemo/button_Login' is clicked on

2023-06-24 19:56:49 - [MESSAGE][PASSED] - Object: 'Object Repository/KatalonDemo/button_Login' is clicked on]]></system-out>
         <system-err><![CDATA[]]></system-err>
      </testcase>
      <testcase name="Test Cases/TestVar" time="0.153" classname="Test Cases/TestVar" status="PASSED">
         <system-out><![CDATA[2023-06-24 19:56:49 - [TEST_CASE][PASSED] - Test Cases/TestVar: Test Cases/TestVar

2023-06-24 19:56:49 - [TEST_STEP][PASSED] - str = "Print this text": null

2023-06-24 19:56:49 - [TEST_STEP][PASSED] - i = 20: null

2023-06-24 19:56:49 - [TEST_STEP][PASSED] - j = 10: null

2023-06-24 19:56:49 - [TEST_STEP][PASSED] - sum = i + j: null

2023-06-24 19:56:49 - [TEST_STEP][PASSED] - println(str): null

2023-06-24 19:56:49 - [TEST_STEP][PASSED] - println(sum): null]]></system-out>
         <system-err><![CDATA[]]></system-err>
      </testcase>
      <system-out><![CDATA[2023-06-24 19:56:20 - [TEST_SUITE][PASSED] - TestAll: Test Cases/TestVar]]></system-out>
      <system-err><![CDATA[]]></system-err>
   </testsuite>
</testsuites>
