<?xml version="1.0" encoding="UTF-8"?>
<testsuites name="TestAll" time="31.818" tests="5" failures="0" errors="0">
   <testsuite name="TestAll" tests="5" failures="0" errors="0" time="31.818" skipped="0" timestamp="2023-06-24 20:05:51" hostname="mbana - host.docker.internal" id="Test Suites/TestAll">
      <properties>
         <property name="deviceName" value=""/>
         <property name="devicePlatform" value=""/>
         <property name="logFolder" value="C:\\Users\\mbana\\git\\Katalon\\Reports\\20230624_200530\\TestAll\\20230624_200537"/>
         <property name="logFiles" value="C:\\Users\\mbana\\git\\Katalon\\Reports\\20230624_200530\\TestAll\\20230624_200537\\execution0.log"/>
         <property name="attachments" value=""/>
         <property name="hostName" value="mbana - host.docker.internal"/>
         <property name="os" value="Windows 10 64bit"/>
         <property name="katalonVersion" value="8.6.5.208"/>
         <property name="browser" value="Chrome 114.0.0.0"/>
         <property name="hostAddress" value="192.168.0.94"/>
         <property name="sessionId" value="99d60ab9b303c816939a29042e22987d"/>
         <property name="seleniumVersion" value="3.141.59"/>
         <property name="proxyInformation" value="ProxyInformation { proxyOption=NO_PROXY, proxyServerType=HTTP, username=, password=********, proxyServerAddress=, proxyServerPort=0, executionList=&quot;&quot;, isApplyToDesiredCapabilities=true }"/>
         <property name="platform" value="Windows 10"/>
      </properties>
      <testcase name="Test Cases/Keywords" time="13.081" classname="Test Cases/Keywords" status="PASSED">
         <system-out><![CDATA[2023-06-24 20:05:51 - [TEST_CASE][PASSED] - Test Cases/Keywords: Test Cases/Keywords

2023-06-24 20:05:52 - [TEST_STEP][PASSED] - openBrowser(""): Browser is opened with url: ''

2023-06-24 20:05:52 - [MESSAGE][INFO] - Starting 'Chrome' driver

2023-06-24 20:05:52 - [MESSAGE][INFO] - Action delay is set to 0 milliseconds

2023-06-24 20:05:54 - [MESSAGE][PASSED] - Browser is opened with url: ''

2023-06-24 20:05:54 - [TEST_STEP][PASSED] - navigateToUrl(URL): Navigate to 'https://katalon-demo-cura.herokuapp.com/' successfully

2023-06-24 20:05:55 - [MESSAGE][PASSED] - Navigate to 'https://katalon-demo-cura.herokuapp.com/' successfully

2023-06-24 20:05:55 - [TEST_STEP][PASSED] - click(findTestObject("Object Repository/KatalonDemo/InkMakeAppointment")): Object: 'Object Repository/KatalonDemo/InkMakeAppointment' is clicked on

2023-06-24 20:05:56 - [MESSAGE][PASSED] - Object: 'Object Repository/KatalonDemo/InkMakeAppointment' is clicked on

2023-06-24 20:05:56 - [TEST_STEP][PASSED] - setText(findTestObject("Object Repository/KatalonDemo/inputUsername"), Username): Text 'John Doe' is set on object 'Object Repository/KatalonDemo/inputUsername'

2023-06-24 20:05:57 - [MESSAGE][PASSED] - Text 'John Doe' is set on object 'Object Repository/KatalonDemo/inputUsername'

2023-06-24 20:05:57 - [TEST_STEP][PASSED] - setText(findTestObject("Object Repository/KatalonDemo/inputPassword"), Password): Text 'ThisIsNotAPassword' is set on object 'Object Repository/KatalonDemo/inputPassword'

2023-06-24 20:05:58 - [MESSAGE][PASSED] - Text 'ThisIsNotAPassword' is set on object 'Object Repository/KatalonDemo/inputPassword'

2023-06-24 20:05:58 - [TEST_STEP][PASSED] - click(findTestObject("Object Repository/KatalonDemo/button_Login")): Object: 'Object Repository/KatalonDemo/button_Login' is clicked on

2023-06-24 20:05:58 - [MESSAGE][PASSED] - Object: 'Object Repository/KatalonDemo/button_Login' is clicked on

2023-06-24 20:05:58 - [TEST_STEP][PASSED] - selectOptionByValue(findTestObject("Object Repository/KatalonDemo/SelectFacility"), "Seoul CURA Healthcare Center", true): All options with value 'Seoul CURA Healthcare Center' are selected in object 'Object Repository/KatalonDemo/SelectFacility'  using regular expression

2023-06-24 20:05:59 - [MESSAGE][PASSED] - All options with value 'Seoul CURA Healthcare Center' are selected in object 'Object Repository/KatalonDemo/SelectFacility'  using regular expression

2023-06-24 20:05:59 - [TEST_STEP][PASSED] - check(findTestObject("Object Repository/KatalonDemo/input_Apply for hospital readmission_hospit_63901f")): Object 'Object Repository/KatalonDemo/input_Apply for hospital readmission_hospit_63901f' is checked

2023-06-24 20:05:59 - [MESSAGE][PASSED] - Object 'Object Repository/KatalonDemo/input_Apply for hospital readmission_hospit_63901f' is checked

2023-06-24 20:05:59 - [TEST_STEP][PASSED] - check(findTestObject("Object Repository/KatalonDemo/label_Medicaid")): Object 'Object Repository/KatalonDemo/label_Medicaid' is checked

2023-06-24 20:06:00 - [MESSAGE][PASSED] - Object 'Object Repository/KatalonDemo/label_Medicaid' is checked

2023-06-24 20:06:00 - [TEST_STEP][PASSED] - setText(findTestObject("Object Repository/KatalonDemo/input_Visit Date (Required)_visit_date"), "26.06.2023"): Text '26.06.2023' is set on object 'Object Repository/KatalonDemo/input_Visit Date (Required)_visit_date'

2023-06-24 20:06:00 - [MESSAGE][PASSED] - Text '26.06.2023' is set on object 'Object Repository/KatalonDemo/input_Visit Date (Required)_visit_date'

2023-06-24 20:06:00 - [TEST_STEP][PASSED] - click(findTestObject("Object Repository/KatalonDemo/td_26")): Object: 'Object Repository/KatalonDemo/td_26' is clicked on

2023-06-24 20:06:01 - [MESSAGE][PASSED] - Object: 'Object Repository/KatalonDemo/td_26' is clicked on

2023-06-24 20:06:01 - [TEST_STEP][PASSED] - setText(findTestObject("Object Repository/KatalonDemo/textarea_Comment_comment"), "TestComment"): Text 'TestComment' is set on object 'Object Repository/KatalonDemo/textarea_Comment_comment'

2023-06-24 20:06:02 - [MESSAGE][PASSED] - Text 'TestComment' is set on object 'Object Repository/KatalonDemo/textarea_Comment_comment'

2023-06-24 20:06:02 - [TEST_STEP][PASSED] - click(findTestObject("Object Repository/KatalonDemo/button_Book Appointment")): Object: 'Object Repository/KatalonDemo/button_Book Appointment' is clicked on

2023-06-24 20:06:02 - [MESSAGE][PASSED] - Object: 'Object Repository/KatalonDemo/button_Book Appointment' is clicked on

2023-06-24 20:06:02 - [TEST_STEP][PASSED] - click(findTestObject("Object Repository/KatalonDemo/h2_Appointment Confirmation")): Object: 'Object Repository/KatalonDemo/h2_Appointment Confirmation' is clicked on

2023-06-24 20:06:03 - [MESSAGE][PASSED] - Object: 'Object Repository/KatalonDemo/h2_Appointment Confirmation' is clicked on

2023-06-24 20:06:03 - [TEST_STEP][PASSED] - click(findTestObject("Object Repository/KatalonDemo/a_CURA Healthcare_menu-toggle")): Object: 'Object Repository/KatalonDemo/a_CURA Healthcare_menu-toggle' is clicked on

2023-06-24 20:06:03 - [MESSAGE][PASSED] - Object: 'Object Repository/KatalonDemo/a_CURA Healthcare_menu-toggle' is clicked on

2023-06-24 20:06:03 - [TEST_STEP][PASSED] - click(findTestObject("Object Repository/KatalonDemo/Logout")): Object: 'Object Repository/KatalonDemo/Logout' is clicked on

2023-06-24 20:06:04 - [MESSAGE][PASSED] - Object: 'Object Repository/KatalonDemo/Logout' is clicked on

2023-06-24 20:06:04 - [TEST_STEP][PASSED] - closeBrowser(): Browser is closed

2023-06-24 20:06:04 - [MESSAGE][PASSED] - Browser is closed]]></system-out>
         <system-err><![CDATA[]]></system-err>
      </testcase>
      <testcase name="Test Cases/Lists Tests" time="5.305" classname="Test Cases/Lists Tests" status="PASSED">
         <system-out><![CDATA[2023-06-24 20:06:04 - [TEST_CASE][PASSED] - Test Cases/Lists Tests: Test Cases/Lists Tests

2023-06-24 20:06:05 - [TEST_STEP][PASSED] - openBrowser(""): Browser is opened with url: ''

2023-06-24 20:06:05 - [MESSAGE][INFO] - Starting 'Chrome' driver

2023-06-24 20:06:05 - [MESSAGE][INFO] - Action delay is set to 0 milliseconds

2023-06-24 20:06:06 - [MESSAGE][PASSED] - Browser is opened with url: ''

2023-06-24 20:06:06 - [TEST_STEP][PASSED] - navigateToUrl("https://katalon-demo-cura.herokuapp.com/"): Navigate to 'https://katalon-demo-cura.herokuapp.com/' successfully

2023-06-24 20:06:07 - [MESSAGE][PASSED] - Navigate to 'https://katalon-demo-cura.herokuapp.com/' successfully

2023-06-24 20:06:07 - [TEST_STEP][PASSED] - click(findTestObject("Object Repository/KatalonDemo/InkMakeAppointment")): Object: 'Object Repository/KatalonDemo/InkMakeAppointment' is clicked on

2023-06-24 20:06:08 - [MESSAGE][PASSED] - Object: 'Object Repository/KatalonDemo/InkMakeAppointment' is clicked on

2023-06-24 20:06:08 - [TEST_STEP][PASSED] - setMaskedText(findTestObject("Object Repository/KatalonDemo/inputUsername"), ListCredentials.get(1)): Text '********' is set on object 'Object Repository/KatalonDemo/inputUsername'

2023-06-24 20:06:08 - [MESSAGE][PASSED] - Text '********' is set on object 'Object Repository/KatalonDemo/inputUsername'

2023-06-24 20:06:08 - [TEST_STEP][PASSED] - setText(findTestObject("Object Repository/KatalonDemo/inputPassword"), ListCredentials.get(0)): Text 'ThisIsNotAPassword' is set on object 'Object Repository/KatalonDemo/inputPassword'

2023-06-24 20:06:09 - [MESSAGE][PASSED] - Text 'ThisIsNotAPassword' is set on object 'Object Repository/KatalonDemo/inputPassword'

2023-06-24 20:06:09 - [TEST_STEP][PASSED] - click(findTestObject("Object Repository/KatalonDemo/button_Login")): Object: 'Object Repository/KatalonDemo/button_Login' is clicked on

2023-06-24 20:06:10 - [MESSAGE][PASSED] - Object: 'Object Repository/KatalonDemo/button_Login' is clicked on]]></system-out>
         <system-err><![CDATA[]]></system-err>
      </testcase>
      <testcase name="Test Cases/Login" time="7.638" classname="Test Cases/Login" status="PASSED">
         <system-out><![CDATA[2023-06-24 20:06:10 - [TEST_CASE][PASSED] - Test Cases/Login: Test Cases/Login

2023-06-24 20:06:10 - [TEST_STEP][PASSED] - com.LoginTestKey.LoginTestK(): com.LoginTestKey.LoginTestK is PASSED

2023-06-24 20:06:10 - [MESSAGE][WARNING] - A browser is already opened. Closing browser and opening a new one

2023-06-24 20:06:11 - [MESSAGE][INFO] - Starting 'Chrome' driver

2023-06-24 20:06:11 - [MESSAGE][INFO] - Action delay is set to 0 milliseconds

2023-06-24 20:06:12 - [MESSAGE][PASSED] - Browser is opened with url: ''

2023-06-24 20:06:13 - [MESSAGE][PASSED] - Navigate to 'https://katalon-demo-cura.herokuapp.com/' successfully

2023-06-24 20:06:14 - [MESSAGE][PASSED] - Object: 'Object Repository/KatalonDemo/InkMakeAppointment' is clicked on

2023-06-24 20:06:14 - [MESSAGE][PASSED] - Text '********' is set on object 'Object Repository/KatalonDemo/inputUsername'

2023-06-24 20:06:15 - [MESSAGE][PASSED] - Text 'ThisIsNotAPassword' is set on object 'Object Repository/KatalonDemo/inputPassword'

2023-06-24 20:06:16 - [MESSAGE][PASSED] - Object: 'Object Repository/KatalonDemo/button_Login' is clicked on

2023-06-24 20:06:16 - [MESSAGE][PASSED] - com.LoginTestKey.LoginTestK is PASSED

2023-06-24 20:06:16 - [TEST_STEP][PASSED] - closeBrowser(): Browser is closed

2023-06-24 20:06:17 - [MESSAGE][PASSED] - Browser is closed]]></system-out>
         <system-err><![CDATA[]]></system-err>
      </testcase>
      <testcase name="Test Cases/MapTests" time="5.364" classname="Test Cases/MapTests" status="PASSED">
         <system-out><![CDATA[2023-06-24 20:06:17 - [TEST_CASE][PASSED] - Test Cases/MapTests: Test Cases/MapTests

2023-06-24 20:06:18 - [TEST_STEP][PASSED] - openBrowser(""): Browser is opened with url: ''

2023-06-24 20:06:18 - [MESSAGE][INFO] - Starting 'Chrome' driver

2023-06-24 20:06:18 - [MESSAGE][INFO] - Action delay is set to 0 milliseconds

2023-06-24 20:06:19 - [MESSAGE][PASSED] - Browser is opened with url: ''

2023-06-24 20:06:19 - [TEST_STEP][PASSED] - navigateToUrl("https://katalon-demo-cura.herokuapp.com/"): Navigate to 'https://katalon-demo-cura.herokuapp.com/' successfully

2023-06-24 20:06:20 - [MESSAGE][PASSED] - Navigate to 'https://katalon-demo-cura.herokuapp.com/' successfully

2023-06-24 20:06:20 - [TEST_STEP][PASSED] - click(findTestObject("Object Repository/KatalonDemo/InkMakeAppointment")): Object: 'Object Repository/KatalonDemo/InkMakeAppointment' is clicked on

2023-06-24 20:06:21 - [MESSAGE][PASSED] - Object: 'Object Repository/KatalonDemo/InkMakeAppointment' is clicked on

2023-06-24 20:06:21 - [TEST_STEP][PASSED] - setMaskedText(findTestObject("Object Repository/KatalonDemo/inputUsername"), MapCredentials.get("Username")): Text '********' is set on object 'Object Repository/KatalonDemo/inputUsername'

2023-06-24 20:06:21 - [MESSAGE][PASSED] - Text '********' is set on object 'Object Repository/KatalonDemo/inputUsername'

2023-06-24 20:06:21 - [TEST_STEP][PASSED] - setText(findTestObject("Object Repository/KatalonDemo/inputPassword"), MapCredentials.get("Password")): Text 'ThisIsNotAPassword' is set on object 'Object Repository/KatalonDemo/inputPassword'

2023-06-24 20:06:22 - [MESSAGE][PASSED] - Text 'ThisIsNotAPassword' is set on object 'Object Repository/KatalonDemo/inputPassword'

2023-06-24 20:06:22 - [TEST_STEP][PASSED] - click(findTestObject("Object Repository/KatalonDemo/button_Login")): Object: 'Object Repository/KatalonDemo/button_Login' is clicked on

2023-06-24 20:06:23 - [MESSAGE][PASSED] - Object: 'Object Repository/KatalonDemo/button_Login' is clicked on]]></system-out>
         <system-err><![CDATA[]]></system-err>
      </testcase>
      <testcase name="Test Cases/TestVar" time="0.185" classname="Test Cases/TestVar" status="PASSED">
         <system-out><![CDATA[2023-06-24 20:06:23 - [TEST_CASE][PASSED] - Test Cases/TestVar: Test Cases/TestVar

2023-06-24 20:06:23 - [TEST_STEP][PASSED] - str = "Print this text": null

2023-06-24 20:06:23 - [TEST_STEP][PASSED] - i = 20: null

2023-06-24 20:06:23 - [TEST_STEP][PASSED] - j = 10: null

2023-06-24 20:06:23 - [TEST_STEP][PASSED] - sum = i + j: null

2023-06-24 20:06:23 - [TEST_STEP][PASSED] - println(str): null

2023-06-24 20:06:23 - [TEST_STEP][PASSED] - println(sum): null]]></system-out>
         <system-err><![CDATA[]]></system-err>
      </testcase>
      <system-out><![CDATA[2023-06-24 20:05:51 - [TEST_SUITE][PASSED] - TestAll: Test Cases/TestVar]]></system-out>
      <system-err><![CDATA[]]></system-err>
   </testsuite>
</testsuites>
